# JRE version: Java(TM) SE Runtime Environment (8.0_05-b13) (build 1.8.0_05-b13)
# Java VM: Java HotSpot(TM) 64-Bit Server VM (25.5-b02 mixed mode windows-amd64 compressed oops)
Heap:
 def new generation   total 1152K, used 496K [0x00000000a2400000, 0x00000000a2540000, 0x00000000c1800000)
  eden space 1024K,  36% used [0x00000000a2400000, 0x00000000a245c3a8, 0x00000000a2500000)
  from space 128K, 100% used [0x00000000a2500000, 0x00000000a2520000, 0x00000000a2520000)
  to   space 128K,   0% used [0x00000000a2520000, 0x00000000a2520000, 0x00000000a2540000)
 tenured generation   total 129792K, used 41632K [0x00000000c1800000, 0x00000000c96c0000, 0x0000000100000000)
   the space 129792K,  32% used [0x00000000c1800000, 0x00000000c40a81a0, 0x00000000c40a8200, 0x00000000c96c0000)
 Metaspace       used 13024K, capacity 13400K, committed 13696K, reserved 1060864K
  class space    used 1475K, capacity 1558K, committed 1664K, reserved 1048576K
GC Heap History (10 events):
Event: 7.613 GC heap after
Heap after GC invocations=389 (full 0):
 def new generation   total 1152K, used 127K [0x00000000a2400000, 0x00000000a2540000, 0x00000000c1800000)
  eden space 1024K,   0% used [0x00000000a2400000, 0x00000000a2400000, 0x00000000a2500000)
  from space 128K,  99% used [0x00000000a2520000, 0x00000000a253fff8, 0x00000000a2540000)
  to   space 128K,   0% used [0x00000000a2500000, 0x00000000a2500000, 0x00000000a2520000)
 tenured generation   total 129792K, used 31399K [0x00000000c1800000, 0x00000000c96c0000, 0x0000000100000000)
   the space 129792K,  24% used [0x00000000c1800000, 0x00000000c36a9ef8, 0x00000000c36aa000, 0x00000000c96c0000)
 Metaspace       used 12534K, capacity 12882K, committed 13056K, reserved 1060864K
  class space    used 1432K, capacity 1493K, committed 1536K, reserved 1048576K
}
Event: 7.624 GC heap before
{Heap before GC invocations=389 (full 0):
 def new generation   total 1152K, used 1151K [0x00000000a2400000, 0x00000000a2540000, 0x00000000c1800000)
  eden space 1024K, 100% used [0x00000000a2400000, 0x00000000a2500000, 0x00000000a2500000)
  from space 128K,  99% used [0x00000000a2520000, 0x00000000a253fff8, 0x00000000a2540000)
  to   space 128K,   0% used [0x00000000a2500000, 0x00000000a2500000, 0x00000000a2520000)
 tenured generation   total 129792K, used 31399K [0x00000000c1800000, 0x00000000c96c0000, 0x0000000100000000)
   the space 129792K,  24% used [0x00000000c1800000, 0x00000000c36a9ef8, 0x00000000c36aa000, 0x00000000c96c0000)
 Metaspace       used 12534K, capacity 12882K, committed 13056K, reserved 1060864K
  class space    used 1432K, capacity 1493K, committed 1536K, reserved 1048576K
Event: 7.626 GC heap after
Heap after GC invocations=390 (full 0):
 def new generation   total 1152K, used 63K [0x00000000a2400000, 0x00000000a2540000, 0x00000000c1800000)
  eden space 1024K,   0% used [0x00000000a2400000, 0x00000000a2400000, 0x00000000a2500000)
  from space 128K,  49% used [0x00000000a2500000, 0x00000000a250fc18, 0x00000000a2520000)
  to   space 128K,   0% used [0x00000000a2520000, 0x00000000a2520000, 0x00000000a2540000)
 tenured generation   total 129792K, used 31482K [0x00000000c1800000, 0x00000000c96c0000, 0x0000000100000000)
   the space 129792K,  24% used [0x00000000c1800000, 0x00000000c36be8c0, 0x00000000c36bea00, 0x00000000c96c0000)
 Metaspace       used 12534K, capacity 12882K, committed 13056K, reserved 1060864K
  class space    used 1432K, capacity 1493K, committed 1536K, reserved 1048576K
}
Event: 7.641 GC heap before
{Heap before GC invocations=390 (full 0):
 def new generation   total 1152K, used 1087K [0x00000000a2400000, 0x00000000a2540000, 0x00000000c1800000)
  eden space 1024K, 100% used [0x00000000a2400000, 0x00000000a2500000, 0x00000000a2500000)
  from space 128K,  49% used [0x00000000a2500000, 0x00000000a250fc18, 0x00000000a2520000)
  to   space 128K,   0% used [0x00000000a2520000, 0x00000000a2520000, 0x00000000a2540000)
 tenured generation   total 129792K, used 31482K [0x00000000c1800000, 0x00000000c96c0000, 0x0000000100000000)
   the space 129792K,  24% used [0x00000000c1800000, 0x00000000c36be8c0, 0x00000000c36bea00, 0x00000000c96c0000)
 Metaspace       used 12534K, capacity 12882K, committed 13056K, reserved 1060864K
  class space    used 1432K, capacity 1493K, committed 1536K, reserved 1048576K
Event: 7.643 GC heap after
Heap after GC invocations=391 (full 0):
 def new generation   total 1152K, used 128K [0x00000000a2400000, 0x00000000a2540000, 0x00000000c1800000)
  eden space 1024K,   0% used [0x00000000a2400000, 0x00000000a2400000, 0x00000000a2500000)
  from space 128K, 100% used [0x00000000a2520000, 0x00000000a2540000, 0x00000000a2540000)
  to   space 128K,   0% used [0x00000000a2500000, 0x00000000a2500000, 0x00000000a2520000)
 tenured generation   total 129792K, used 31515K [0x00000000c1800000, 0x00000000c96c0000, 0x0000000100000000)
   the space 129792K,  24% used [0x00000000c1800000, 0x00000000c36c6cb8, 0x00000000c36c6e00, 0x00000000c96c0000)
 Metaspace       used 12534K, capacity 12882K, committed 13056K, reserved 1060864K
  class space    used 1432K, capacity 1493K, committed 1536K, reserved 1048576K
}
Event: 7.652 GC heap before
{Heap before GC invocations=391 (full 0):
 def new generation   total 1152K, used 1152K [0x00000000a2400000, 0x00000000a2540000, 0x00000000c1800000)
  eden space 1024K, 100% used [0x00000000a2400000, 0x00000000a2500000, 0x00000000a2500000)
  from space 128K, 100% used [0x00000000a2520000, 0x00000000a2540000, 0x00000000a2540000)
  to   space 128K,   0% used [0x00000000a2500000, 0x00000000a2500000, 0x00000000a2520000)
 tenured generation   total 129792K, used 31515K [0x00000000c1800000, 0x00000000c96c0000, 0x0000000100000000)
   the space 129792K,  24% used [0x00000000c1800000, 0x00000000c36c6cb8, 0x00000000c36c6e00, 0x00000000c96c0000)
 Metaspace       used 12534K, capacity 12882K, committed 13056K, reserved 1060864K
  class space    used 1432K, capacity 1493K, committed 1536K, reserved 1048576K
Event: 7.654 GC heap after
Heap after GC invocations=392 (full 0):
 def new generation   total 1152K, used 76K [0x00000000a2400000, 0x00000000a2540000, 0x00000000c1800000)
  eden space 1024K,   0% used [0x00000000a2400000, 0x00000000a2400000, 0x00000000a2500000)
  from space 128K,  60% used [0x00000000a2500000, 0x00000000a25133d0, 0x00000000a2520000)
  to   space 128K,   0% used [0x00000000a2520000, 0x00000000a2520000, 0x00000000a2540000)
 tenured generation   total 129792K, used 31607K [0x00000000c1800000, 0x00000000c96c0000, 0x0000000100000000)
   the space 129792K,  24% used [0x00000000c1800000, 0x00000000c36ddfc0, 0x00000000c36de000, 0x00000000c96c0000)
 Metaspace       used 12534K, capacity 12882K, committed 13056K, reserved 1060864K
  class space    used 1432K, capacity 1493K, committed 1536K, reserved 1048576K
}
Event: 7.664 GC heap before
{Heap before GC invocations=392 (full 0):
 def new generation   total 1152K, used 1100K [0x00000000a2400000, 0x00000000a2540000, 0x00000000c1800000)
  eden space 1024K, 100% used [0x00000000a2400000, 0x00000000a2500000, 0x00000000a2500000)
  from space 128K,  60% used [0x00000000a2500000, 0x00000000a25133d0, 0x00000000a2520000)
  to   space 128K,   0% used [0x00000000a2520000, 0x00000000a2520000, 0x00000000a2540000)
 tenured generation   total 129792K, used 31607K [0x00000000c1800000, 0x00000000c96c0000, 0x0000000100000000)
   the space 129792K,  24% used [0x00000000c1800000, 0x00000000c36ddfc0, 0x00000000c36de000, 0x00000000c96c0000)
 Metaspace       used 12537K, capacity 12882K, committed 13056K, reserved 1060864K
  class space    used 1432K, capacity 1493K, committed 1536K, reserved 1048576K
Event: 7.666 GC heap after
Heap after GC invocations=393 (full 0):
 def new generation   total 1152K, used 112K [0x00000000a2400000, 0x00000000a2540000, 0x00000000c1800000)
  eden space 1024K,   0% used [0x00000000a2400000, 0x00000000a2400000, 0x00000000a2500000)
  from space 128K,  88% used [0x00000000a2520000, 0x00000000a253c338, 0x00000000a2540000)
  to   space 128K,   0% used [0x00000000a2500000, 0x00000000a2500000, 0x00000000a2520000)
 tenured generation   total 129792K, used 31626K [0x00000000c1800000, 0x00000000c96c0000, 0x0000000100000000)
   the space 129792K,  24% used [0x00000000c1800000, 0x00000000c36e28a0, 0x00000000c36e2a00, 0x00000000c96c0000)
 Metaspace       used 12537K, capacity 12882K, committed 13056K, reserved 1060864K
  class space    used 1432K, capacity 1493K, committed 1536K, reserved 1048576K
}
Event: 7.676 GC heap before
{Heap before GC invocations=393 (full 0):
 def new generation   total 1152K, used 1136K [0x00000000a2400000, 0x00000000a2540000, 0x00000000c1800000)
  eden space 1024K, 100% used [0x00000000a2400000, 0x00000000a2500000, 0x00000000a2500000)
  from space 128K,  88% used [0x00000000a2520000, 0x00000000a253c338, 0x00000000a2540000)
  to   space 128K,   0% used [0x00000000a2500000, 0x00000000a2500000, 0x00000000a2520000)
 tenured generation   total 129792K, used 31626K [0x00000000c1800000, 0x00000000c96c0000, 0x0000000100000000)
   the space 129792K,  24% used [0x00000000c1800000, 0x00000000c36e28a0, 0x00000000c36e2a00, 0x00000000c96c0000)
 Metaspace       used 12537K, capacity 12882K, committed 13056K, reserved 1060864K
  class space    used 1432K, capacity 1493K, committed 1536K, reserved 1048576K

